[0m00:32:04.208792 [debug] [MainThread]: Sending event: {'category': 'dbt', 'action': 'invocation', 'label': 'start', 'context': [<snowplow_tracker.self_describing_json.SelfDescribingJson object at 0x105776ed0>, <snowplow_tracker.self_describing_json.SelfDescribingJson object at 0x1057ab290>, <snowplow_tracker.self_describing_json.SelfDescribingJson object at 0x1057aae70>]}


============================== 00:32:04.210975 | fd0ceee7-d97b-42d8-ad92-28c9fc3345c9 ==============================
[0m00:32:04.210975 [info ] [MainThread]: Running with dbt=1.7.0
[0m00:32:04.211296 [debug] [MainThread]: running dbt with arguments {'printer_width': '80', 'indirect_selection': 'eager', 'write_json': 'True', 'log_cache_events': 'False', 'partial_parse': 'True', 'cache_selected_only': 'False', 'profiles_dir': '/Users/prajwalanand/Oil_n_gas/oil_gas_pipeline/dbt', 'fail_fast': 'False', 'debug': 'False', 'log_path': '/Users/prajwalanand/Oil_n_gas/oil_gas_pipeline/dbt/logs', 'version_check': 'True', 'warn_error': 'None', 'use_colors': 'True', 'use_experimental_parser': 'False', 'no_print': 'None', 'quiet': 'False', 'warn_error_options': 'WarnErrorOptions(include=[], exclude=[])', 'static_parser': 'True', 'invocation_command': 'dbt debug', 'introspect': 'True', 'target_path': 'None', 'log_format': 'default', 'send_anonymous_usage_stats': 'True'}
[0m00:32:04.211610 [info ] [MainThread]: dbt version: 1.7.0
[0m00:32:04.211780 [info ] [MainThread]: python version: 3.12.1
[0m00:32:04.211936 [info ] [MainThread]: python path: /Users/prajwalanand/Oil_n_gas/oil_gas_pipeline/venv/bin/python3.12
[0m00:32:04.212089 [info ] [MainThread]: os info: macOS-14.2.1-arm64-arm-64bit
[0m00:32:04.314499 [info ] [MainThread]: Using profiles dir at /Users/prajwalanand/Oil_n_gas/oil_gas_pipeline/dbt
[0m00:32:04.314803 [info ] [MainThread]: Using profiles.yml file at /Users/prajwalanand/Oil_n_gas/oil_gas_pipeline/dbt/profiles.yml
[0m00:32:04.314987 [info ] [MainThread]: Using dbt_project.yml file at /Users/prajwalanand/Oil_n_gas/oil_gas_pipeline/dbt/dbt_project.yml
[0m00:32:04.315315 [info ] [MainThread]: adapter type: postgres
[0m00:32:04.315527 [info ] [MainThread]: adapter version: 1.7.0
[0m00:32:04.349005 [info ] [MainThread]: Configuration:
[0m00:32:04.349303 [info ] [MainThread]:   profiles.yml file [[32mOK found and valid[0m]
[0m00:32:04.349492 [info ] [MainThread]:   dbt_project.yml file [[32mOK found and valid[0m]
[0m00:32:04.349672 [info ] [MainThread]: Required dependencies:
[0m00:32:04.349900 [debug] [MainThread]: Executing "git --help"
[0m00:32:04.361835 [debug] [MainThread]: STDOUT: "b"usage: git [-v | --version] [-h | --help] [-C <path>] [-c <name>=<value>]\n           [--exec-path[=<path>]] [--html-path] [--man-path] [--info-path]\n           [-p | --paginate | -P | --no-pager] [--no-replace-objects] [--bare]\n           [--git-dir=<path>] [--work-tree=<path>] [--namespace=<name>]\n           [--super-prefix=<path>] [--config-env=<name>=<envvar>]\n           <command> [<args>]\n\nThese are common Git commands used in various situations:\n\nstart a working area (see also: git help tutorial)\n   clone     Clone a repository into a new directory\n   init      Create an empty Git repository or reinitialize an existing one\n\nwork on the current change (see also: git help everyday)\n   add       Add file contents to the index\n   mv        Move or rename a file, a directory, or a symlink\n   restore   Restore working tree files\n   rm        Remove files from the working tree and from the index\n\nexamine the history and state (see also: git help revisions)\n   bisect    Use binary search to find the commit that introduced a bug\n   diff      Show changes between commits, commit and working tree, etc\n   grep      Print lines matching a pattern\n   log       Show commit logs\n   show      Show various types of objects\n   status    Show the working tree status\n\ngrow, mark and tweak your common history\n   branch    List, create, or delete branches\n   commit    Record changes to the repository\n   merge     Join two or more development histories together\n   rebase    Reapply commits on top of another base tip\n   reset     Reset current HEAD to the specified state\n   switch    Switch branches\n   tag       Create, list, delete or verify a tag object signed with GPG\n\ncollaborate (see also: git help workflows)\n   fetch     Download objects and refs from another repository\n   pull      Fetch from and integrate with another repository or a local branch\n   push      Update remote refs along with associated objects\n\n'git help -a' and 'git help -g' list available subcommands and some\nconcept guides. See 'git help <command>' or 'git help <concept>'\nto read about a specific subcommand or concept.\nSee 'git help git' for an overview of the system.\n""
[0m00:32:04.362414 [debug] [MainThread]: STDERR: "b''"
[0m00:32:04.362650 [info ] [MainThread]:  - git [[32mOK found[0m]

[0m00:32:04.362844 [info ] [MainThread]: Connection:
[0m00:32:04.363031 [info ] [MainThread]:   host: localhost
[0m00:32:04.363186 [info ] [MainThread]:   port: 5432
[0m00:32:04.363329 [info ] [MainThread]:   user: postgres
[0m00:32:04.363473 [info ] [MainThread]:   database: oil_gas_db
[0m00:32:04.363616 [info ] [MainThread]:   schema: public
[0m00:32:04.363759 [info ] [MainThread]:   connect_timeout: 10
[0m00:32:04.363905 [info ] [MainThread]:   role: None
[0m00:32:04.364050 [info ] [MainThread]:   search_path: None
[0m00:32:04.364191 [info ] [MainThread]:   keepalives_idle: 0
[0m00:32:04.364331 [info ] [MainThread]:   sslmode: None
[0m00:32:04.364469 [info ] [MainThread]:   sslcert: None
[0m00:32:04.364609 [info ] [MainThread]:   sslkey: None
[0m00:32:04.364746 [info ] [MainThread]:   sslrootcert: None
[0m00:32:04.364883 [info ] [MainThread]:   application_name: dbt
[0m00:32:04.365021 [info ] [MainThread]:   retries: 1
[0m00:32:04.365263 [info ] [MainThread]: Registered adapter: postgres=1.7.0
[0m00:32:04.395596 [debug] [MainThread]: Acquiring new postgres connection 'debug'
[0m00:32:04.396221 [debug] [MainThread]: Using postgres connection "debug"
[0m00:32:04.396430 [debug] [MainThread]: On debug: select 1 as id
[0m00:32:04.396616 [debug] [MainThread]: Opening a new connection, currently in state init
[0m00:32:04.415184 [debug] [MainThread]: SQL status: SELECT 1 in 0.0 seconds
[0m00:32:04.415985 [debug] [MainThread]: On debug: Close
[0m00:32:04.416217 [info ] [MainThread]:   Connection test: [[32mOK connection ok[0m]

[0m00:32:04.416413 [info ] [MainThread]: [32mAll checks passed![0m
[0m00:32:04.440566 [debug] [MainThread]: Resource report: {"command_name": "debug", "command_success": true, "command_wall_clock_time": 0.2612871, "process_user_time": 1.062726, "process_kernel_time": 0.129348, "process_mem_max_rss": "125829120", "process_in_blocks": "0", "process_out_blocks": "0"}
[0m00:32:04.441047 [debug] [MainThread]: Command `dbt debug` succeeded at 00:32:04.440963 after 0.26 seconds
[0m00:32:04.441263 [debug] [MainThread]: Connection 'debug' was properly closed.
[0m00:32:04.441475 [debug] [MainThread]: Sending event: {'category': 'dbt', 'action': 'invocation', 'label': 'end', 'context': [<snowplow_tracker.self_describing_json.SelfDescribingJson object at 0x1054d62d0>, <snowplow_tracker.self_describing_json.SelfDescribingJson object at 0x105eb3dd0>, <snowplow_tracker.self_describing_json.SelfDescribingJson object at 0x105757f50>]}
[0m00:32:04.441721 [debug] [MainThread]: Flushing usage events
