[2026-06-14T19:24:13.618-0500] {taskinstance.py:1042} DEBUG - previous_execution_date was called
[2026-06-14T19:24:13.675-0500] {taskinstance.py:1042} DEBUG - previous_execution_date was called
[2026-06-14T19:24:13.679-0500] {local_task_job_runner.py:120} INFO - ::group::Pre task execution logs
[2026-06-14T19:24:13.690-0500] {taskinstance.py:2076} INFO - Dependencies all met for dep_context=non-requeueable deps ti=<TaskInstance: transform_dag.check_bronze_data manual__2026-06-12T01:13:28.835661+00:00 [queued]>
[2026-06-14T19:24:13.692-0500] {taskinstance.py:2076} INFO - Dependencies all met for dep_context=requeueable deps ti=<TaskInstance: transform_dag.check_bronze_data manual__2026-06-12T01:13:28.835661+00:00 [queued]>
[2026-06-14T19:24:13.692-0500] {taskinstance.py:2306} INFO - Starting attempt 6 of 2
[2026-06-14T19:24:13.696-0500] {taskinstance.py:2330} INFO - Executing <Task(PythonOperator): check_bronze_data> on 2026-06-12 01:13:28.835661+00:00
[2026-06-14T19:24:13.702-0500] {logging_mixin.py:188} WARNING - /Users/prajwalanand/Oil_n_gas/oil_gas_pipeline/venv/lib/python3.12/site-packages/airflow/task/task_runner/standard_task_runner.py:61 DeprecationWarning: This process (pid=65845) is multi-threaded, use of fork() may lead to deadlocks in the child.
[2026-06-14T19:24:13.702-0500] {standard_task_runner.py:63} INFO - Started process 65850 to run task
[2026-06-14T19:24:13.701-0500] {standard_task_runner.py:90} INFO - Running: ['airflow', 'tasks', 'run', 'transform_dag', 'check_bronze_data', 'manual__2026-06-12T01:13:28.835661+00:00', '--job-id', '27', '--raw', '--subdir', 'DAGS_FOLDER/transform_dag.py', '--cfg-path', '/var/folders/ms/f1knphyj7ql38tmz93dy8nlc0000gn/T/tmpkidk86gh']
[2026-06-14T19:24:13.702-0500] {standard_task_runner.py:91} INFO - Job 27: Subtask check_bronze_data
[2026-06-14T19:24:13.716-0500] {taskinstance.py:1042} DEBUG - previous_execution_date was called
[2026-06-14T19:24:13.717-0500] {task_command.py:426} INFO - Running <TaskInstance: transform_dag.check_bronze_data manual__2026-06-12T01:13:28.835661+00:00 [running]> on host prajwals-macbook-air.local
[2026-06-14T19:24:13.717-0500] {settings.py:363} DEBUG - Disposing DB connection pool (PID 65850)
[2026-06-14T19:24:13.717-0500] {settings.py:250} DEBUG - Setting up DB connection pool (PID 65850)
[2026-06-14T19:24:13.718-0500] {settings.py:298} DEBUG - settings.prepare_engine_args(): Using NullPool
[2026-06-14T19:24:13.727-0500] {taskinstance.py:1042} DEBUG - previous_execution_date was called
[2026-06-14T19:24:13.738-0500] {taskinstance.py:2648} INFO - Exporting env vars: AIRFLOW_CTX_DAG_OWNER='oil_gas_pipeline' AIRFLOW_CTX_DAG_ID='transform_dag' AIRFLOW_CTX_TASK_ID='check_bronze_data' AIRFLOW_CTX_EXECUTION_DATE='2026-06-12T01:13:28.835661+00:00' AIRFLOW_CTX_TRY_NUMBER='6' AIRFLOW_CTX_DAG_RUN_ID='manual__2026-06-12T01:13:28.835661+00:00'
[2026-06-14T19:24:13.738-0500] {taskinstance.py:430} INFO - ::endgroup::
[2026-06-14T19:24:36.055-0500] {taskinstance.py:1042} DEBUG - previous_execution_date was called
[2026-06-14T19:24:36.113-0500] {taskinstance.py:1042} DEBUG - previous_execution_date was called
[2026-06-14T19:24:36.116-0500] {local_task_job_runner.py:120} INFO - ::group::Pre task execution logs
[2026-06-14T19:24:36.127-0500] {taskinstance.py:2066} INFO - Dependencies not met for <TaskInstance: transform_dag.check_bronze_data manual__2026-06-12T01:13:28.835661+00:00 [running]>, dependency 'Task Instance State' FAILED: Task is in the 'running' state.
[2026-06-14T19:24:36.127-0500] {taskinstance.py:2066} INFO - Dependencies not met for <TaskInstance: transform_dag.check_bronze_data manual__2026-06-12T01:13:28.835661+00:00 [running]>, dependency 'Task Instance Not Running' FAILED: Task is in the running state
[2026-06-14T19:24:36.127-0500] {local_task_job_runner.py:163} INFO - Task is not able to be run
