[2026-06-14T19:05:05.623-0500] {taskinstance.py:1042} DEBUG - previous_execution_date was called
[2026-06-14T19:05:05.685-0500] {taskinstance.py:1042} DEBUG - previous_execution_date was called
[2026-06-14T19:05:05.687-0500] {local_task_job_runner.py:120} INFO - ::group::Pre task execution logs
[2026-06-14T19:05:05.698-0500] {taskinstance.py:2076} INFO - Dependencies all met for dep_context=non-requeueable deps ti=<TaskInstance: transform_dag.check_bronze_data manual__2026-06-12T01:13:28.835661+00:00 [queued]>
[2026-06-14T19:05:05.700-0500] {taskinstance.py:2076} INFO - Dependencies all met for dep_context=requeueable deps ti=<TaskInstance: transform_dag.check_bronze_data manual__2026-06-12T01:13:28.835661+00:00 [queued]>
[2026-06-14T19:05:05.700-0500] {taskinstance.py:2306} INFO - Starting attempt 3 of 2
[2026-06-14T19:05:05.704-0500] {taskinstance.py:2330} INFO - Executing <Task(PythonOperator): check_bronze_data> on 2026-06-12 01:13:28.835661+00:00
[2026-06-14T19:05:05.709-0500] {logging_mixin.py:188} WARNING - /Users/prajwalanand/Oil_n_gas/oil_gas_pipeline/venv/lib/python3.12/site-packages/airflow/task/task_runner/standard_task_runner.py:61 DeprecationWarning: This process (pid=62877) is multi-threaded, use of fork() may lead to deadlocks in the child.
[2026-06-14T19:05:05.709-0500] {standard_task_runner.py:63} INFO - Started process 62878 to run task
[2026-06-14T19:05:05.708-0500] {standard_task_runner.py:90} INFO - Running: ['airflow', 'tasks', 'run', 'transform_dag', 'check_bronze_data', 'manual__2026-06-12T01:13:28.835661+00:00', '--job-id', '19', '--raw', '--subdir', 'DAGS_FOLDER/transform_dag.py', '--cfg-path', '/var/folders/ms/f1knphyj7ql38tmz93dy8nlc0000gn/T/tmp0jno9u8u']
[2026-06-14T19:05:05.710-0500] {standard_task_runner.py:91} INFO - Job 19: Subtask check_bronze_data
[2026-06-14T19:05:05.722-0500] {taskinstance.py:1042} DEBUG - previous_execution_date was called
[2026-06-14T19:05:05.723-0500] {task_command.py:426} INFO - Running <TaskInstance: transform_dag.check_bronze_data manual__2026-06-12T01:13:28.835661+00:00 [running]> on host prajwals-macbook-air.local
[2026-06-14T19:05:05.723-0500] {settings.py:363} DEBUG - Disposing DB connection pool (PID 62878)
[2026-06-14T19:05:05.723-0500] {settings.py:250} DEBUG - Setting up DB connection pool (PID 62878)
[2026-06-14T19:05:05.724-0500] {settings.py:298} DEBUG - settings.prepare_engine_args(): Using NullPool
[2026-06-14T19:05:05.732-0500] {taskinstance.py:1042} DEBUG - previous_execution_date was called
[2026-06-14T19:05:05.742-0500] {taskinstance.py:2648} INFO - Exporting env vars: AIRFLOW_CTX_DAG_OWNER='oil_gas_pipeline' AIRFLOW_CTX_DAG_ID='transform_dag' AIRFLOW_CTX_TASK_ID='check_bronze_data' AIRFLOW_CTX_EXECUTION_DATE='2026-06-12T01:13:28.835661+00:00' AIRFLOW_CTX_TRY_NUMBER='3' AIRFLOW_CTX_DAG_RUN_ID='manual__2026-06-12T01:13:28.835661+00:00'
[2026-06-14T19:05:05.743-0500] {taskinstance.py:430} INFO - ::endgroup::
[2026-06-14T19:17:49.833-0500] {local_task_job_runner.py:222} INFO - ::endgroup::
[2026-06-14T19:17:49.843-0500] {process_utils.py:132} INFO - Sending 15 to group 62878. PIDs of all processes in the group: [62878]
[2026-06-14T19:17:49.844-0500] {process_utils.py:87} INFO - Sending the signal 15 to group 62878
[2026-06-14T19:17:52.279-0500] {taskinstance.py:1042} DEBUG - previous_execution_date was called
[2026-06-14T19:17:52.340-0500] {taskinstance.py:1042} DEBUG - previous_execution_date was called
[2026-06-14T19:17:52.342-0500] {local_task_job_runner.py:120} INFO - ::group::Pre task execution logs
[2026-06-14T19:17:52.356-0500] {taskinstance.py:2066} INFO - Dependencies not met for <TaskInstance: transform_dag.check_bronze_data manual__2026-06-12T01:13:28.835661+00:00 [running]>, dependency 'Task Instance State' FAILED: Task is in the 'running' state.
[2026-06-14T19:17:52.356-0500] {taskinstance.py:2066} INFO - Dependencies not met for <TaskInstance: transform_dag.check_bronze_data manual__2026-06-12T01:13:28.835661+00:00 [running]>, dependency 'Task Instance Not Running' FAILED: Task is in the running state
[2026-06-14T19:17:52.358-0500] {local_task_job_runner.py:163} INFO - Task is not able to be run
