[2026-06-14T19:38:35.534-0500] {taskinstance.py:1042} DEBUG - previous_execution_date was called
[2026-06-14T19:38:35.596-0500] {taskinstance.py:1042} DEBUG - previous_execution_date was called
[2026-06-14T19:38:35.599-0500] {local_task_job_runner.py:120} INFO - ::group::Pre task execution logs
[2026-06-14T19:38:35.609-0500] {taskinstance.py:2076} INFO - Dependencies all met for dep_context=non-requeueable deps ti=<TaskInstance: transform_dag.check_bronze_data manual__2026-06-12T01:13:28.835661+00:00 [queued]>
[2026-06-14T19:38:35.611-0500] {taskinstance.py:2076} INFO - Dependencies all met for dep_context=requeueable deps ti=<TaskInstance: transform_dag.check_bronze_data manual__2026-06-12T01:13:28.835661+00:00 [queued]>
[2026-06-14T19:38:35.611-0500] {taskinstance.py:2306} INFO - Starting attempt 7 of 2
[2026-06-14T19:38:35.616-0500] {taskinstance.py:2330} INFO - Executing <Task(PythonOperator): check_bronze_data> on 2026-06-12 01:13:28.835661+00:00
[2026-06-14T19:38:35.621-0500] {logging_mixin.py:188} WARNING - /Users/prajwalanand/Oil_n_gas/oil_gas_pipeline/venv/lib/python3.12/site-packages/airflow/task/task_runner/standard_task_runner.py:61 DeprecationWarning: This process (pid=68136) is multi-threaded, use of fork() may lead to deadlocks in the child.
[2026-06-14T19:38:35.621-0500] {standard_task_runner.py:63} INFO - Started process 68137 to run task
[2026-06-14T19:38:35.620-0500] {standard_task_runner.py:90} INFO - Running: ['airflow', 'tasks', 'run', 'transform_dag', 'check_bronze_data', 'manual__2026-06-12T01:13:28.835661+00:00', '--job-id', '31', '--raw', '--subdir', 'DAGS_FOLDER/transform_dag.py', '--cfg-path', '/var/folders/ms/f1knphyj7ql38tmz93dy8nlc0000gn/T/tmpftq6l78o']
[2026-06-14T19:38:35.622-0500] {standard_task_runner.py:91} INFO - Job 31: Subtask check_bronze_data
[2026-06-14T19:38:35.633-0500] {taskinstance.py:1042} DEBUG - previous_execution_date was called
[2026-06-14T19:38:35.634-0500] {task_command.py:426} INFO - Running <TaskInstance: transform_dag.check_bronze_data manual__2026-06-12T01:13:28.835661+00:00 [running]> on host prajwals-macbook-air.local
[2026-06-14T19:38:35.635-0500] {settings.py:363} DEBUG - Disposing DB connection pool (PID 68137)
[2026-06-14T19:38:35.635-0500] {settings.py:250} DEBUG - Setting up DB connection pool (PID 68137)
[2026-06-14T19:38:35.635-0500] {settings.py:298} DEBUG - settings.prepare_engine_args(): Using NullPool
[2026-06-14T19:38:35.643-0500] {taskinstance.py:1042} DEBUG - previous_execution_date was called
[2026-06-14T19:38:35.654-0500] {taskinstance.py:2648} INFO - Exporting env vars: AIRFLOW_CTX_DAG_OWNER='oil_gas_pipeline' AIRFLOW_CTX_DAG_ID='transform_dag' AIRFLOW_CTX_TASK_ID='check_bronze_data' AIRFLOW_CTX_EXECUTION_DATE='2026-06-12T01:13:28.835661+00:00' AIRFLOW_CTX_TRY_NUMBER='7' AIRFLOW_CTX_DAG_RUN_ID='manual__2026-06-12T01:13:28.835661+00:00'
[2026-06-14T19:38:35.654-0500] {taskinstance.py:430} INFO - ::endgroup::
[2026-06-14T19:44:12.322-0500] {local_task_job_runner.py:288} WARNING - Recorded pid 69094 does not match the current pid 68137
[2026-06-14T19:44:12.323-0500] {local_task_job_runner.py:222} INFO - ::endgroup::
[2026-06-14T19:44:12.329-0500] {process_utils.py:132} INFO - Sending 15 to group 68137. PIDs of all processes in the group: [68137]
[2026-06-14T19:44:12.329-0500] {process_utils.py:87} INFO - Sending the signal 15 to group 68137
[2026-06-14T19:45:12.362-0500] {process_utils.py:150} WARNING - process psutil.Process(pid=68137, name='Python', status='running', started='19:38:35') did not respond to SIGTERM. Trying SIGKILL
[2026-06-14T19:45:12.364-0500] {process_utils.py:87} INFO - Sending the signal 9 to group 68137
[2026-06-14T19:45:12.372-0500] {process_utils.py:80} INFO - Process psutil.Process(pid=68137, name='Python', status='terminated', exitcode=<Negsignal.SIGKILL: -9>, started='19:38:35') (68137) terminated with exit code -9
[2026-06-14T19:45:12.373-0500] {standard_task_runner.py:178} ERROR - Job 33 was killed before it finished (likely due to running out of memory)
