[2026-06-14T19:21:24.518-0500] {taskinstance.py:1042} DEBUG - previous_execution_date was called
[2026-06-14T19:21:24.579-0500] {taskinstance.py:1042} DEBUG - previous_execution_date was called
[2026-06-14T19:21:24.581-0500] {local_task_job_runner.py:120} INFO - ::group::Pre task execution logs
[2026-06-14T19:21:24.592-0500] {taskinstance.py:2076} INFO - Dependencies all met for dep_context=non-requeueable deps ti=<TaskInstance: transform_dag.check_bronze_data manual__2026-06-12T01:13:28.835661+00:00 [queued]>
[2026-06-14T19:21:24.594-0500] {taskinstance.py:2076} INFO - Dependencies all met for dep_context=requeueable deps ti=<TaskInstance: transform_dag.check_bronze_data manual__2026-06-12T01:13:28.835661+00:00 [queued]>
[2026-06-14T19:21:24.594-0500] {taskinstance.py:2306} INFO - Starting attempt 5 of 2
[2026-06-14T19:21:24.598-0500] {taskinstance.py:2330} INFO - Executing <Task(PythonOperator): check_bronze_data> on 2026-06-12 01:13:28.835661+00:00
[2026-06-14T19:21:24.604-0500] {logging_mixin.py:188} WARNING - /Users/prajwalanand/Oil_n_gas/oil_gas_pipeline/venv/lib/python3.12/site-packages/airflow/task/task_runner/standard_task_runner.py:61 DeprecationWarning: This process (pid=65397) is multi-threaded, use of fork() may lead to deadlocks in the child.
[2026-06-14T19:21:24.604-0500] {standard_task_runner.py:63} INFO - Started process 65398 to run task
[2026-06-14T19:21:24.603-0500] {standard_task_runner.py:90} INFO - Running: ['airflow', 'tasks', 'run', 'transform_dag', 'check_bronze_data', 'manual__2026-06-12T01:13:28.835661+00:00', '--job-id', '25', '--raw', '--subdir', 'DAGS_FOLDER/transform_dag.py', '--cfg-path', '/var/folders/ms/f1knphyj7ql38tmz93dy8nlc0000gn/T/tmpez76ipx5']
[2026-06-14T19:21:24.605-0500] {standard_task_runner.py:91} INFO - Job 25: Subtask check_bronze_data
[2026-06-14T19:21:24.617-0500] {taskinstance.py:1042} DEBUG - previous_execution_date was called
[2026-06-14T19:21:24.619-0500] {task_command.py:426} INFO - Running <TaskInstance: transform_dag.check_bronze_data manual__2026-06-12T01:13:28.835661+00:00 [running]> on host prajwals-macbook-air.local
[2026-06-14T19:21:24.619-0500] {settings.py:363} DEBUG - Disposing DB connection pool (PID 65398)
[2026-06-14T19:21:24.619-0500] {settings.py:250} DEBUG - Setting up DB connection pool (PID 65398)
[2026-06-14T19:21:24.619-0500] {settings.py:298} DEBUG - settings.prepare_engine_args(): Using NullPool
[2026-06-14T19:21:24.627-0500] {taskinstance.py:1042} DEBUG - previous_execution_date was called
[2026-06-14T19:21:24.638-0500] {taskinstance.py:2648} INFO - Exporting env vars: AIRFLOW_CTX_DAG_OWNER='oil_gas_pipeline' AIRFLOW_CTX_DAG_ID='transform_dag' AIRFLOW_CTX_TASK_ID='check_bronze_data' AIRFLOW_CTX_EXECUTION_DATE='2026-06-12T01:13:28.835661+00:00' AIRFLOW_CTX_TRY_NUMBER='5' AIRFLOW_CTX_DAG_RUN_ID='manual__2026-06-12T01:13:28.835661+00:00'
[2026-06-14T19:21:24.638-0500] {taskinstance.py:430} INFO - ::endgroup::
[2026-06-14T19:24:15.521-0500] {local_task_job_runner.py:288} WARNING - Recorded pid 65850 does not match the current pid 65398
[2026-06-14T19:24:15.522-0500] {local_task_job_runner.py:222} INFO - ::endgroup::
[2026-06-14T19:24:15.528-0500] {process_utils.py:132} INFO - Sending 15 to group 65398. PIDs of all processes in the group: [65398]
[2026-06-14T19:24:15.528-0500] {process_utils.py:87} INFO - Sending the signal 15 to group 65398
