[2026-06-14T18:44:23.790-0500] {taskinstance.py:1042} DEBUG - previous_execution_date was called
[2026-06-14T18:44:23.849-0500] {taskinstance.py:1042} DEBUG - previous_execution_date was called
[2026-06-14T18:44:23.852-0500] {local_task_job_runner.py:120} INFO - ::group::Pre task execution logs
[2026-06-14T18:44:23.866-0500] {taskinstance.py:2076} INFO - Dependencies all met for dep_context=non-requeueable deps ti=<TaskInstance: daily_ingest_dag.ingest_petroleum scheduled__2026-06-10T06:00:00+00:00 [queued]>
[2026-06-14T18:44:23.868-0500] {taskinstance.py:2076} INFO - Dependencies all met for dep_context=requeueable deps ti=<TaskInstance: daily_ingest_dag.ingest_petroleum scheduled__2026-06-10T06:00:00+00:00 [queued]>
[2026-06-14T18:44:23.868-0500] {taskinstance.py:2306} INFO - Starting attempt 2 of 3
[2026-06-14T18:44:23.872-0500] {taskinstance.py:2330} INFO - Executing <Task(PythonOperator): ingest_petroleum> on 2026-06-10 06:00:00+00:00
[2026-06-14T18:44:23.877-0500] {logging_mixin.py:188} WARNING - /Users/prajwalanand/Oil_n_gas/oil_gas_pipeline/venv/lib/python3.12/site-packages/airflow/task/task_runner/standard_task_runner.py:61 DeprecationWarning: This process (pid=59671) is multi-threaded, use of fork() may lead to deadlocks in the child.
[2026-06-14T18:44:23.878-0500] {standard_task_runner.py:63} INFO - Started process 59675 to run task
[2026-06-14T18:44:23.877-0500] {standard_task_runner.py:90} INFO - Running: ['airflow', 'tasks', 'run', 'daily_ingest_dag', 'ingest_petroleum', 'scheduled__2026-06-10T06:00:00+00:00', '--job-id', '8', '--raw', '--subdir', 'DAGS_FOLDER/daily_ingest_dag.py', '--cfg-path', '/var/folders/ms/f1knphyj7ql38tmz93dy8nlc0000gn/T/tmpsf8qygfc']
[2026-06-14T18:44:23.879-0500] {standard_task_runner.py:91} INFO - Job 8: Subtask ingest_petroleum
[2026-06-14T18:44:23.894-0500] {taskinstance.py:1042} DEBUG - previous_execution_date was called
[2026-06-14T18:44:23.895-0500] {task_command.py:426} INFO - Running <TaskInstance: daily_ingest_dag.ingest_petroleum scheduled__2026-06-10T06:00:00+00:00 [running]> on host prajwals-macbook-air.local
[2026-06-14T18:44:23.895-0500] {settings.py:363} DEBUG - Disposing DB connection pool (PID 59675)
[2026-06-14T18:44:23.895-0500] {settings.py:250} DEBUG - Setting up DB connection pool (PID 59675)
[2026-06-14T18:44:23.896-0500] {settings.py:298} DEBUG - settings.prepare_engine_args(): Using NullPool
[2026-06-14T18:44:23.903-0500] {taskinstance.py:1042} DEBUG - previous_execution_date was called
[2026-06-14T18:44:23.914-0500] {taskinstance.py:2648} INFO - Exporting env vars: AIRFLOW_CTX_DAG_OWNER='oil_gas_pipeline' AIRFLOW_CTX_DAG_ID='daily_ingest_dag' AIRFLOW_CTX_TASK_ID='ingest_petroleum' AIRFLOW_CTX_EXECUTION_DATE='2026-06-10T06:00:00+00:00' AIRFLOW_CTX_TRY_NUMBER='2' AIRFLOW_CTX_DAG_RUN_ID='scheduled__2026-06-10T06:00:00+00:00'
[2026-06-14T18:44:23.914-0500] {taskinstance.py:430} INFO - ::endgroup::
[2026-06-14T18:49:50.582-0500] {local_task_job_runner.py:310} WARNING - State of this instance has been externally set to queued. Terminating instance.
[2026-06-14T18:49:50.583-0500] {local_task_job_runner.py:222} INFO - ::endgroup::
[2026-06-14T18:49:50.589-0500] {process_utils.py:132} INFO - Sending 15 to group 59675. PIDs of all processes in the group: [59675]
[2026-06-14T18:49:50.589-0500] {process_utils.py:87} INFO - Sending the signal 15 to group 59675
[2026-06-14T18:50:50.616-0500] {process_utils.py:150} WARNING - process psutil.Process(pid=59675, name='Python', status='running', started='18:44:23') did not respond to SIGTERM. Trying SIGKILL
[2026-06-14T18:50:50.620-0500] {process_utils.py:87} INFO - Sending the signal 9 to group 59675
[2026-06-14T18:50:50.628-0500] {process_utils.py:80} INFO - Process psutil.Process(pid=59675, name='Python', status='terminated', exitcode=<Negsignal.SIGKILL: -9>, started='18:44:23') (59675) terminated with exit code -9
[2026-06-14T18:50:50.629-0500] {standard_task_runner.py:178} ERROR - Job 8 was killed before it finished (likely due to running out of memory)
